2022-06-15 16:48:12,859 [ERROR]  - Tooling processing for update file failed for /CoverYourAssets/Pile.cls. error closing traversal
com.progress.openedge.dependencymodule.GraphException: error closing traversal
	at com.progress.openedge.dependencymodule.DependencyGraph.updateFile(DependencyGraph.java:592)
	at com.openedge.pdt.project.dm.DMGraphManager.updateFile(DMGraphManager.java:118)
	at com.openedge.pdt.project.codeinfo.CodeModelBuildManager$8.run(CodeModelBuildManager.java:648)
	at org.eclipse.core.internal.jobs.Worker.run(Worker.java:63)
Caused by: java.lang.RuntimeException: java.lang.RuntimeException: Couldn't generate file Vertex
	at com.progress.openedge.dependencymodule.generate.UpdatedFilesGenerator.generate(UpdatedFilesGenerator.java:98)
	at com.progress.openedge.dependencymodule.DependencyGraph.updateFile(DependencyGraph.java:586)
	... 3 more
Caused by: java.lang.RuntimeException: Couldn't generate file Vertex
	at com.progress.openedge.dependencymodule.generate.AddFilesGenerator.generate(AddFilesGenerator.java:88)
	at com.progress.openedge.dependencymodule.generate.UpdatedFilesGenerator.processUpdateForFile(UpdatedFilesGenerator.java:111)
	at com.progress.openedge.dependencymodule.generate.UpdatedFilesGenerator.generate(UpdatedFilesGenerator.java:91)
	... 4 more
2022-06-15 16:48:23,094 [ERROR]  - Tooling processing for update file failed for /TestCoverYourAssets/tests/testPile.cls. error closing traversal
com.progress.openedge.dependencymodule.GraphException: error closing traversal
	at com.progress.openedge.dependencymodule.DependencyGraph.updateFile(DependencyGraph.java:592)
	at com.openedge.pdt.project.dm.DMGraphManager.updateFile(DMGraphManager.java:118)
	at com.openedge.pdt.project.codeinfo.CodeModelBuildManager$8.run(CodeModelBuildManager.java:648)
	at org.eclipse.core.internal.jobs.Worker.run(Worker.java:63)
Caused by: java.lang.RuntimeException: java.lang.RuntimeException: Couldn't generate file Vertex
	at com.progress.openedge.dependencymodule.generate.UpdatedFilesGenerator.generate(UpdatedFilesGenerator.java:98)
	at com.progress.openedge.dependencymodule.DependencyGraph.updateFile(DependencyGraph.java:586)
	... 3 more
Caused by: java.lang.RuntimeException: Couldn't generate file Vertex
	at com.progress.openedge.dependencymodule.generate.AddFilesGenerator.generate(AddFilesGenerator.java:88)
	at com.progress.openedge.dependencymodule.generate.UpdatedFilesGenerator.processUpdateForFile(UpdatedFilesGenerator.java:111)
	at com.progress.openedge.dependencymodule.generate.UpdatedFilesGenerator.generate(UpdatedFilesGenerator.java:91)
	... 4 more
2022-06-17 19:19:21,756 [ERROR]  - An internal error occurred
com.openedge.core.reflect.RCodeReadException: Compiler version was 1202 expected 1200
	at com.openedge.core.reflect.v12.RCodeHeaderV12.checkVersion(RCodeHeaderV12.java:97)
	at com.openedge.core.reflect.v12.RCodeHeaderV12.read(RCodeHeaderV12.java:58)
	at com.openedge.core.reflect.RCodeHeader.<init>(RCodeHeader.java:61)
	at com.openedge.core.reflect.v11.RCodeHeaderV11.<init>(RCodeHeaderV11.java:30)
	at com.openedge.core.reflect.v12.RCodeHeaderV12.<init>(RCodeHeaderV12.java:34)
	at com.openedge.core.reflect.RCodeObject.readHeader(RCodeObject.java:339)
	at com.openedge.core.reflect.RCodeObject.openFile(RCodeObject.java:82)
	at com.openedge.core.reflect.RCodeObject.<init>(RCodeObject.java:103)
	at com.openedge.pdt.project.builder.BuildState.getMostRecentSourceDate(BuildState.java:183)
	at com.openedge.pdt.project.builder.BuildState.hasChangedSinceCompile(BuildState.java:254)
	at com.openedge.pdt.project.builder.CompileUnit.isCompilationRequired(CompileUnit.java:502)
	at com.openedge.pdt.project.builder.OEBuilder.processChangedResource(OEBuilder.java:448)
	at com.openedge.pdt.project.builder.OEBuilder.processChangedResources(OEBuilder.java:386)
	at com.openedge.pdt.project.builder.OEBuilder.processBuildState(OEBuilder.java:362)
	at com.openedge.pdt.project.builder.OEBuilder.buildFull(OEBuilder.java:250)
	at com.openedge.pdt.project.builder.OEBuilder.build(OEBuilder.java:125)
	at org.eclipse.core.internal.events.BuildManager$2.run(BuildManager.java:833)
	at org.eclipse.core.runtime.SafeRunner.run(SafeRunner.java:45)
	at org.eclipse.core.internal.events.BuildManager.basicBuild(BuildManager.java:220)
	at org.eclipse.core.internal.events.BuildManager.basicBuild(BuildManager.java:263)
	at org.eclipse.core.internal.events.BuildManager$1.run(BuildManager.java:316)
	at org.eclipse.core.runtime.SafeRunner.run(SafeRunner.java:45)
	at org.eclipse.core.internal.events.BuildManager.basicBuild(BuildManager.java:319)
	at org.eclipse.core.internal.events.BuildManager.basicBuildLoop(BuildManager.java:371)
	at org.eclipse.core.internal.events.BuildManager.build(BuildManager.java:392)
	at org.eclipse.core.internal.events.AutoBuildJob.doBuild(AutoBuildJob.java:154)
	at org.eclipse.core.internal.events.AutoBuildJob.run(AutoBuildJob.java:244)
	at org.eclipse.core.internal.jobs.Worker.run(Worker.java:63)
2022-06-17 19:19:21,779 [ERROR]  - An internal error occurred
com.openedge.core.reflect.RCodeReadException: Compiler version was 1202 expected 1200
	at com.openedge.core.reflect.v12.RCodeHeaderV12.checkVersion(RCodeHeaderV12.java:97)
	at com.openedge.core.reflect.v12.RCodeHeaderV12.read(RCodeHeaderV12.java:58)
	at com.openedge.core.reflect.RCodeHeader.<init>(RCodeHeader.java:61)
	at com.openedge.core.reflect.v11.RCodeHeaderV11.<init>(RCodeHeaderV11.java:30)
	at com.openedge.core.reflect.v12.RCodeHeaderV12.<init>(RCodeHeaderV12.java:34)
	at com.openedge.core.reflect.RCodeObject.readHeader(RCodeObject.java:339)
	at com.openedge.core.reflect.RCodeObject.openFile(RCodeObject.java:82)
	at com.openedge.core.reflect.RCodeObject.<init>(RCodeObject.java:103)
	at com.openedge.pdt.project.builder.BuildState.getMostRecentSourceDate(BuildState.java:183)
	at com.openedge.pdt.project.builder.BuildState.hasChangedSinceCompile(BuildState.java:254)
	at com.openedge.pdt.project.builder.CompileUnit.isCompilationRequired(CompileUnit.java:502)
	at com.openedge.pdt.project.builder.OEBuilder.processChangedResource(OEBuilder.java:448)
	at com.openedge.pdt.project.builder.OEBuilder.processChangedResource(OEBuilder.java:485)
	at com.openedge.pdt.project.builder.OEBuilder.processChangedResources(OEBuilder.java:386)
	at com.openedge.pdt.project.builder.OEBuilder.processBuildState(OEBuilder.java:362)
	at com.openedge.pdt.project.builder.OEBuilder.buildFull(OEBuilder.java:250)
	at com.openedge.pdt.project.builder.OEBuilder.build(OEBuilder.java:125)
	at org.eclipse.core.internal.events.BuildManager$2.run(BuildManager.java:833)
	at org.eclipse.core.runtime.SafeRunner.run(SafeRunner.java:45)
	at org.eclipse.core.internal.events.BuildManager.basicBuild(BuildManager.java:220)
	at org.eclipse.core.internal.events.BuildManager.basicBuild(BuildManager.java:263)
	at org.eclipse.core.internal.events.BuildManager$1.run(BuildManager.java:316)
	at org.eclipse.core.runtime.SafeRunner.run(SafeRunner.java:45)
	at org.eclipse.core.internal.events.BuildManager.basicBuild(BuildManager.java:319)
	at org.eclipse.core.internal.events.BuildManager.basicBuildLoop(BuildManager.java:371)
	at org.eclipse.core.internal.events.BuildManager.build(BuildManager.java:392)
	at org.eclipse.core.internal.events.AutoBuildJob.doBuild(AutoBuildJob.java:154)
	at org.eclipse.core.internal.events.AutoBuildJob.run(AutoBuildJob.java:244)
	at org.eclipse.core.internal.jobs.Worker.run(Worker.java:63)
